{"C:\\Users\\milas\\OneDrive\\Рабочий стол\\Учеба\\ajs-50\\Object-Reflection-Proxy 2\\src\\js\\app.js": {"path":"C:\\Users\\milas\\OneDrive\\Рабочий стол\\Учеба\\ajs-50\\Object-Reflection-Proxy 2\\src\\js\\app.js","statementMap":{"0":{"start":{"line":3,"column":19},"end":{"line":3,"column":21}},"1":{"start":{"line":4,"column":2},"end":{"line":12,"column":5}},"2":{"start":{"line":7,"column":8},"end":{"line":7,"column":15}},"3":{"start":{"line":9,"column":4},"end":{"line":11,"column":7}},"4":{"start":{"line":15,"column":2},"end":{"line":15,"column":18}}},"fnMap":{"0":{"name":"logCharacter","decl":{"start":{"line":1,"column":24},"end":{"line":1,"column":36}},"loc":{"start":{"line":1,"column":55},"end":{"line":16,"column":1}},"line":1},"1":{"name":"(anonymous_1)","decl":{"start":{"line":4,"column":18},"end":{"line":4,"column":19}},"loc":{"start":{"line":4,"column":31},"end":{"line":12,"column":3}},"line":4}},"branchMap":{"0":{"loc":{"start":{"line":1,"column":39},"end":{"line":1,"column":51}},"type":"default-arg","locations":[{"start":{"line":1,"column":49},"end":{"line":1,"column":51}}],"line":1},"1":{"loc":{"start":{"line":6,"column":22},"end":{"line":6,"column":57}},"type":"default-arg","locations":[{"start":{"line":6,"column":36},"end":{"line":6,"column":57}}],"line":6}},"s":{"0":2,"1":2,"2":2,"3":2,"4":2},"f":{"0":2,"1":2},"b":{"0":[1],"1":[1]},"_coverageSchema":"1a1c01bbd47fc00a2c39e90264f33305004495a9","hash":"d9f320295f49d336f5a75495ccbf54e57f6e6155"}
}
